<?xml version="1.0" encoding="UTF-8"?>
<testsuite name="com.acme.mytrader.strategy.TradingStrategyTest" tests="1" skipped="0" failures="0" errors="0" timestamp="2022-05-18T08:53:43" hostname="Nikkis-Mac.local" time="0.043">
  <properties/>
  <testcase name="testPriceListenerSetup" classname="com.acme.mytrader.strategy.TradingStrategyTest" time="0.043"/>
  <system-out><![CDATA[]]></system-out>
  <system-err><![CDATA[]]></system-err>
</testsuite>
