<?xml version="1.0" encoding="UTF-8"?>
<testsuite name="com.acme.mytrader.price.PriceListenerImplTest" tests="3" skipped="0" failures="0" errors="0" timestamp="2022-05-18T08:53:43" hostname="Nikkis-Mac.local" time="0.708">
  <properties/>
  <testcase name="testBuyIsNotExecutedWhenPriceIsHigh" classname="com.acme.mytrader.price.PriceListenerImplTest" time="0.689"/>
  <testcase name="testBuyIsNotExecutedWhenSecurityIsDiff" classname="com.acme.mytrader.price.PriceListenerImplTest" time="0.001"/>
  <testcase name="testBuyIsExecuted" classname="com.acme.mytrader.price.PriceListenerImplTest" time="0.014"/>
  <system-out><![CDATA[Buy executed for: IBM
]]></system-out>
  <system-err><![CDATA[]]></system-err>
</testsuite>
